
2015-02-15 20:30:19 Debug: {"configId":"nutch-config54e0915b6673b-1424003419-3-22","force":false,"params":{"urlfilter.regex.rules":"http:\/\/item.jd.com\/\\d+"}}
2015-02-15 20:30:19 Notice: Notice (8): Undefined variable: nutchSeedList in [/home/vincent/workspace/qiwur-nutch-ui/app/libs/nutch/remote_cmd_executor.php, line 25]
2015-02-15 20:30:19 Debug: null
2015-02-15 20:30:20 Debug: {"crawlId":"","type":"INJECT","confId":"nutch-config54e0915b6673b-1424003419-3-22","jobClassName":null,"args":{"seedDir":"Seed list cannot be empty!"}}
2015-02-15 20:30:20 Info: inject, job id : -nutch-config54e0915b6673b-1424003419-3-22-INJECT-648120657
2015-02-15 20:38:52 Debug: {"configId":"nutch-config54e0935c0b21d-1424003932-3-22","force":false,"params":{"urlfilter.regex.rules":"http:\/\/item.jd.com\/\\d+"}}
2015-02-15 20:38:52 Notice: Notice (8): Undefined variable: nutchSeedList in [/home/vincent/workspace/qiwur-nutch-ui/app/libs/nutch/remote_cmd_executor.php, line 25]
2015-02-15 20:38:52 Debug: null
2015-02-15 20:38:52 Debug: {"crawlId":"","type":"INJECT","confId":"nutch-config54e0935c0b21d-1424003932-3-22","jobClassName":null,"args":{"seedDir":"Seed list cannot be empty!"}}
2015-02-15 20:38:52 Info: inject, job id : -nutch-config54e0935c0b21d-1424003932-3-22-INJECT-2043959357
2015-02-15 20:59:59 Debug: {"configId":"3-22","force":false,"params":{"urlfilter.regex.rules":"http:\/\/item.jd.com\/\\d+"}}
2015-02-15 21:00:23 Debug: {"configId":"3-22","force":false,"params":{"urlfilter.regex.rules":"http:\/\/item.jd.com\/\\d+"}}
2015-02-15 21:00:36 Debug: {"configId":"3-22","force":false,"params":{"urlfilter.regex.rules":"http:\/\/item.jd.com\/\\d+"}}
2015-02-15 21:00:36 Notice: Notice (8): Undefined variable: nutchSeedList in [/home/vincent/workspace/qiwur-nutch-ui/app/libs/nutch/remote_cmd_executor.php, line 25]
2015-02-15 21:00:36 Debug: null
2015-02-15 21:00:36 Debug: {"crawlId":"","type":"INJECT","confId":"3-22","jobClassName":null,"args":{"seedDir":"Seed list cannot be empty!"}}
2015-02-15 21:00:36 Info: inject, job id : -3-22-INJECT-456901341
2015-02-15 21:02:27 Debug: {"configId":"3-22","force":false,"params":{"urlfilter.regex.rules":"http:\/\/item.jd.com\/\\d+"}}
2015-02-15 21:03:13 Debug: {"configId":"3-22","force":false,"params":{"urlfilter.regex.rules":"http:\/\/item.jd.com\/\\d+"}}
2015-02-15 21:03:13 Debug: {"id":"22","name":"vincent-crawl-20150202185923-598","seedUrls":[{"id":"9","url":"http:\/\/shouji.jd.com\/"}]}
2015-02-15 21:03:13 Debug: {"crawlId":"","type":"INJECT","confId":"3-22","jobClassName":null,"args":{"seedDir":"\/tmp\/1424005393546-0"}}
2015-02-15 21:03:13 Info: inject, job id : -3-22-INJECT-2075164567
2015-02-15 21:14:14 Notice: Notice (8): Undefined index: url_pattern in [/home/vincent/workspace/qiwur-nutch-ui/app/views/crawls/view.ctp, line 158]
2015-02-15 21:14:25 Notice: Notice (8): Undefined index: url_pattern in [/home/vincent/workspace/qiwur-nutch-ui/app/views/crawls/view.ctp, line 158]
2015-02-15 21:14:26 Notice: Notice (8): Undefined index: url_pattern in [/home/vincent/workspace/qiwur-nutch-ui/app/views/crawls/view.ctp, line 158]
2015-02-15 21:14:26 Notice: Notice (8): Undefined index: url_pattern in [/home/vincent/workspace/qiwur-nutch-ui/app/views/crawls/view.ctp, line 158]
2015-02-15 21:14:27 Notice: Notice (8): Undefined index: url_pattern in [/home/vincent/workspace/qiwur-nutch-ui/app/views/crawls/view.ctp, line 158]
2015-02-15 21:19:03 Debug: {"id":"22","name":"vincent-crawl-20150202185923-598","seedUrls":[{"id":"9","url":"http:\/\/shouji.jd.com\/"}]}
2015-02-15 21:19:03 Debug: {"crawlId":"","type":"INJECT","confId":"default","jobClassName":null,"args":{"seedDir":"\/tmp\/1424006343504-0"}}
2015-02-15 21:19:03 Info: inject, job id : -default-INJECT-571678686
2015-02-15 21:22:03 Debug: {"configId":"3-22","force":false,"params":{"urlfilter.regex.rules":"+http:\/\/item.jd.com\/\\d+"}}
2015-02-15 21:22:03 Debug: {"id":"22","name":"vincent-crawl-20150202185923-598","seedUrls":[{"id":"9","url":"http:\/\/shouji.jd.com\/"}]}
2015-02-15 21:22:03 Debug: {"crawlId":"","type":"INJECT","confId":"3-22","jobClassName":null,"args":{"seedDir":"\/tmp\/1424006523383-0"}}
2015-02-15 21:22:03 Info: inject, job id : -3-22-INJECT-1880162421
2015-02-15 21:22:17 Info: UPDATE `crawls` SET `job_type`='GENERATE', `job_state`='CREATED', `batchId`='54e09d89c9216-1424006537-3' WHERE `id`=22
2015-02-15 21:22:17 Debug: {"crawlId":"","type":"GENERATE","confId":"3-22","jobClassName":null,"args":{"batch":"54e09d89c9216-1424006537-3"}}
2015-02-15 21:22:29 Info: UPDATE `crawls` SET `job_type`='FETCH', `job_state`='CREATED' WHERE `id`=22
2015-02-15 21:22:29 Debug: {"crawlId":"","type":"FETCH","confId":"3-22","jobClassName":null,"args":{"batch":"54e09d89c9216-1424006537-3"}}
2015-02-15 21:22:53 Info: UPDATE `crawls` SET `job_type`='PARSE', `job_state`='CREATED' WHERE `id`=22
2015-02-15 21:22:53 Debug: {"crawlId":"","type":"PARSE","confId":"3-22","jobClassName":null,"args":{"batch":"54e09d89c9216-1424006537-3"}}
2015-02-15 21:23:05 Info: UPDATE `crawls` SET `job_type`='UPDATEDB', `job_state`='CREATED' WHERE `id`=22
2015-02-15 21:23:05 Debug: {"crawlId":"","type":"UPDATEDB","confId":"3-22","jobClassName":null,"args":{"batch":"54e09d89c9216-1424006537-3"}}
2015-02-22 13:00:36 Notice: Notice (8): Undefined variable: crawl in [/home/vincent/workspace/qiwur-nutch-ui/app/views/crawl_filters/view.ctp, line 54]
2015-02-22 17:02:40 Notice: Notice (8): Undefined property: View::$wwwroot in [/home/vincent/workspace/qiwur-nutch-ui/app/views/crawls/view.ctp, line 218]
2015-02-22 17:02:41 Notice: Notice (8): Undefined property: View::$wwwroot in [/home/vincent/workspace/qiwur-nutch-ui/app/views/crawls/view.ctp, line 218]
2015-02-23 21:17:28 Notice: Notice (8): Undefined variable: jsEvents in [/home/vincent/workspace/qiwur-nutch-ui/app/views/human_actions/add.ctp, line 7]
2015-02-23 21:33:55 Notice: Notice (8): Undefined index: crawl_id in [/home/vincent/workspace/qiwur-nutch-ui/app/controllers/human_actions_controller.php, line 27]
2015-02-23 21:53:11 Notice: Notice (8): Undefined index: PageEntityField in [/home/vincent/workspace/qiwur-nutch-ui/app/views/crawls/view.ctp, line 340]
2015-02-24 12:44:15 Notice: Notice (8): Undefined index: item_url_pattern in [/home/vincent/workspace/qiwur-nutch-ui/app/controllers/crawls_controller.php, line 37]
2015-02-24 12:45:28 Notice: Notice (8): Undefined index: item_url_pattern in [/home/vincent/workspace/qiwur-nutch-ui/app/controllers/crawls_controller.php, line 37]
2015-02-24 12:45:37 Notice: Notice (8): Undefined index: item_url_pattern in [/home/vincent/workspace/qiwur-nutch-ui/app/controllers/crawls_controller.php, line 37]
2015-02-24 12:46:42 Notice: Notice (8): Undefined index: item_url_patterns in [/home/vincent/workspace/qiwur-nutch-ui/app/controllers/crawls_controller.php, line 37]
2015-02-24 13:06:32 Notice: Notice (8): Undefined index: PageEntity in [/home/vincent/workspace/qiwur-nutch-ui/app/controllers/crawls_controller.php, line 132]
2015-02-24 13:49:59 Notice: Notice (8): Undefined variable: pageEntity in [/home/vincent/workspace/qiwur-nutch-ui/app/views/crawls/view.ctp, line 330]
2015-02-24 13:49:59 Notice: Notice (8): Undefined variable: pageEntity in [/home/vincent/workspace/qiwur-nutch-ui/app/views/crawls/view.ctp, line 335]
2015-02-24 13:50:37 Notice: Notice (8): Undefined variable: pageEntity in [/home/vincent/workspace/qiwur-nutch-ui/app/views/crawls/view.ctp, line 330]
2015-02-24 13:50:37 Notice: Notice (8): Undefined variable: pageEntity in [/home/vincent/workspace/qiwur-nutch-ui/app/views/crawls/view.ctp, line 335]
2015-02-24 13:50:37 Notice: Notice (8): Undefined variable: pageEntity in [/home/vincent/workspace/qiwur-nutch-ui/app/views/crawls/view.ctp, line 330]
2015-02-24 13:50:37 Notice: Notice (8): Undefined variable: pageEntity in [/home/vincent/workspace/qiwur-nutch-ui/app/views/crawls/view.ctp, line 335]
2015-02-24 13:56:54 Notice: Notice (8): Undefined variable: pageEntity in [/home/vincent/workspace/qiwur-nutch-ui/app/views/crawls/view.ctp, line 330]
2015-02-24 13:56:54 Notice: Notice (8): Undefined variable: pageEntity in [/home/vincent/workspace/qiwur-nutch-ui/app/views/crawls/view.ctp, line 335]
2015-02-24 13:56:54 Notice: Notice (8): Undefined variable: pageEntity in [/home/vincent/workspace/qiwur-nutch-ui/app/views/crawls/view.ctp, line 330]
2015-02-24 13:56:54 Notice: Notice (8): Undefined variable: pageEntity in [/home/vincent/workspace/qiwur-nutch-ui/app/views/crawls/view.ctp, line 335]
2015-02-24 13:57:37 Notice: Notice (8): Undefined variable: pageEntity in [/home/vincent/workspace/qiwur-nutch-ui/app/views/crawls/view.ctp, line 330]
2015-02-24 13:57:37 Notice: Notice (8): Undefined variable: pageEntity in [/home/vincent/workspace/qiwur-nutch-ui/app/views/crawls/view.ctp, line 335]
2015-02-24 13:57:37 Notice: Notice (8): Undefined variable: pageEntity in [/home/vincent/workspace/qiwur-nutch-ui/app/views/crawls/view.ctp, line 330]
2015-02-24 13:57:37 Notice: Notice (8): Undefined variable: pageEntity in [/home/vincent/workspace/qiwur-nutch-ui/app/views/crawls/view.ctp, line 335]
2015-02-24 14:00:16 Notice: Notice (8): Undefined index: PageEntity in [/home/vincent/workspace/qiwur-nutch-ui/app/views/crawls/view.ctp, line 337]
2015-02-24 14:00:16 Notice: Notice (8): Undefined index: PageEntity in [/home/vincent/workspace/qiwur-nutch-ui/app/views/crawls/view.ctp, line 342]
2015-02-24 14:07:48 Notice: Notice (8): Undefined index: domain_pattern in [/home/vincent/workspace/qiwur-nutch-ui/app/views/crawls/view.ctp, line 387]
2015-02-24 14:07:48 Notice: Notice (8): Undefined index: url_patterns in [/home/vincent/workspace/qiwur-nutch-ui/app/views/crawls/view.ctp, line 388]
2015-02-24 14:07:48 Notice: Notice (8): Undefined index: keywords in [/home/vincent/workspace/qiwur-nutch-ui/app/views/crawls/view.ctp, line 389]
2015-02-24 14:07:48 Notice: Notice (8): Undefined index: bad_words in [/home/vincent/workspace/qiwur-nutch-ui/app/views/crawls/view.ctp, line 390]
2015-02-24 18:17:37 Notice: Notice (8): Undefined property: CrawlsController::$RequestHandler in [/home/vincent/workspace/qiwur-nutch-ui/app/app_controller.php, line 117]
2015-02-24 19:29:49 Notice: Notice (8): Undefined variable: page_entity_id in [/home/vincent/workspace/qiwur-nutch-ui/app/views/page_entity_fields/add.ctp, line 30]
2015-02-25 12:24:45 Notice: Notice (8): Undefined variable: message in [/home/vincent/workspace/qiwur-nutch-ui/app/controllers/crawls_controller.php, line 61]
2015-02-25 18:15:05 Notice: Notice (8): Undefined variable: crawl in [/home/vincent/workspace/qiwur-nutch-ui/app/views/seeds/index.ctp, line 5]
2015-02-25 18:15:05 Notice: Notice (8): Undefined variable: crawl in [/home/vincent/workspace/qiwur-nutch-ui/app/views/seeds/index.ctp, line 6]
2015-02-25 18:52:58 Notice: Notice (8): Undefined index: crawl_id in [/home/vincent/workspace/qiwur-nutch-ui/app/controllers/page_entity_fields_controller.php, line 26]
2015-02-25 18:52:58 Notice: Notice (8): Undefined index: crawl_id in [/home/vincent/workspace/qiwur-nutch-ui/app/controllers/page_entity_fields_controller.php, line 26]
2015-02-25 18:53:47 Notice: Notice (8): Undefined index: crawl_id in [/home/vincent/workspace/qiwur-nutch-ui/app/controllers/page_entity_fields_controller.php, line 26]
2015-02-25 18:53:47 Notice: Notice (8): Undefined index: crawl_id in [/home/vincent/workspace/qiwur-nutch-ui/app/controllers/page_entity_fields_controller.php, line 26]
2015-02-25 19:24:23 Notice: Notice (8): Array to string conversion in [/home/vincent/workspace/qiwur-nutch-ui/cake/libs/view/helpers/form.php, line 1200]
2015-02-25 19:32:27 Notice: Notice (8): Undefined variable: crawl in [/home/vincent/workspace/qiwur-nutch-ui/app/views/seeds/admin_index.ctp, line 5]
2015-02-25 19:32:27 Notice: Notice (8): Undefined variable: crawl in [/home/vincent/workspace/qiwur-nutch-ui/app/views/seeds/admin_index.ctp, line 6]
2015-02-25 19:32:27 Notice: Notice (8): Undefined variable: crawl in [/home/vincent/workspace/qiwur-nutch-ui/app/views/seeds/admin_index.ctp, line 45]
2015-02-25 19:34:56 Notice: Notice (8): Undefined index: name in [/home/vincent/workspace/qiwur-nutch-ui/app/views/seeds/admin_index.ctp, line 20]
2015-02-25 19:35:37 Notice: Notice (8): Undefined variable: seed in [/home/vincent/workspace/qiwur-nutch-ui/app/views/seeds/admin_index.ctp, line 7]
2015-02-25 19:38:08 Notice: Notice (8): Undefined variable: crawlFilter in [/home/vincent/workspace/qiwur-nutch-ui/app/views/seeds/admin_index.ctp, line 27]
2015-02-25 20:13:07 Notice: Notice (8): Undefined index: descriptionription in [/home/vincent/workspace/qiwur-nutch-ui/app/views/crawls/view.ctp, line 93]
2015-02-25 20:59:37 Notice: Notice (8): Undefined index: description in [/home/vincent/workspace/qiwur-nutch-ui/app/views/page_entity_fields/view.ctp, line 46]
2015-02-25 21:41:16 Notice: Notice (8): Undefined variable: crawl in [/home/vincent/workspace/qiwur-nutch-ui/app/views/crawl_filters/edit.ctp, line 13]
2015-02-25 21:41:23 Notice: Notice (8): Undefined variable: crawl in [/home/vincent/workspace/qiwur-nutch-ui/app/views/crawl_filters/edit.ctp, line 13]
2015-02-25 21:41:30 Notice: Notice (8): Undefined variable: crawl in [/home/vincent/workspace/qiwur-nutch-ui/app/views/crawl_filters/edit.ctp, line 13]
2015-02-25 21:41:56 Notice: Notice (8): Undefined variable: crawl in [/home/vincent/workspace/qiwur-nutch-ui/app/views/crawl_filters/edit.ctp, line 13]
2015-02-25 21:41:56 Notice: Notice (8): Undefined variable: crawl in [/home/vincent/workspace/qiwur-nutch-ui/app/views/crawl_filters/edit.ctp, line 23]
2015-02-25 21:42:06 Notice: Notice (8): Undefined variable: crawl in [/home/vincent/workspace/qiwur-nutch-ui/app/views/crawl_filters/edit.ctp, line 22]
2015-02-25 21:42:12 Notice: Notice (8): Undefined variable: crawl in [/home/vincent/workspace/qiwur-nutch-ui/app/views/crawl_filters/edit.ctp, line 22]
2015-02-25 21:42:13 Notice: Notice (8): Undefined variable: crawl in [/home/vincent/workspace/qiwur-nutch-ui/app/views/crawl_filters/edit.ctp, line 22]
2015-02-25 21:42:41 Notice: Notice (8): Undefined variable: crawl in [/home/vincent/workspace/qiwur-nutch-ui/app/views/crawl_filters/edit.ctp, line 7]
2015-02-25 21:42:41 Notice: Notice (8): Undefined variable: crawl in [/home/vincent/workspace/qiwur-nutch-ui/app/views/crawl_filters/edit.ctp, line 8]
2015-02-25 21:42:41 Notice: Notice (8): Undefined variable: crawl in [/home/vincent/workspace/qiwur-nutch-ui/app/views/crawl_filters/edit.ctp, line 27]
2015-02-25 21:43:16 Notice: Notice (8): Undefined variable: crawl in [/home/vincent/workspace/qiwur-nutch-ui/app/views/crawl_filters/edit.ctp, line 7]
2015-02-25 21:43:16 Notice: Notice (8): Undefined variable: crawl in [/home/vincent/workspace/qiwur-nutch-ui/app/views/crawl_filters/edit.ctp, line 27]
2015-02-25 21:43:21 Notice: Notice (8): Undefined variable: crawl in [/home/vincent/workspace/qiwur-nutch-ui/app/views/crawl_filters/edit.ctp, line 27]
2015-02-25 21:44:16 Notice: Notice (8): Undefined variable: crawl in [/home/vincent/workspace/qiwur-nutch-ui/app/views/crawl_filters/edit.ctp, line 27]
2015-02-25 21:47:41 Notice: Notice (8): Undefined variable: crawl in [/home/vincent/workspace/qiwur-nutch-ui/app/views/crawl_filters/edit.ctp, line 28]
2015-02-25 21:48:02 Notice: Notice (8): Undefined variable: crawl in [/home/vincent/workspace/qiwur-nutch-ui/app/views/crawl_filters/edit.ctp, line 28]
2015-02-25 21:49:02 Notice: Notice (8): Undefined variable: crawl in [/home/vincent/workspace/qiwur-nutch-ui/app/views/crawl_filters/edit.ctp, line 28]
2015-02-25 21:50:51 Notice: Notice (8): Undefined variable: crawl in [/home/vincent/workspace/qiwur-nutch-ui/app/views/crawl_filters/edit.ctp, line 28]
2015-02-25 22:09:40 Notice: Notice (8): Undefined index: page_entity_id in [/home/vincent/workspace/qiwur-nutch-ui/app/controllers/page_entity_fields_controller.php, line 63]
2015-02-25 22:15:29 Notice: Notice (8): Undefined index: description in [/home/vincent/workspace/qiwur-nutch-ui/app/views/page_entity_fields/view.ctp, line 46]
2015-02-25 22:17:00 Notice: Notice (8): Undefined index: page_entity_id in [/home/vincent/workspace/qiwur-nutch-ui/app/controllers/page_entity_fields_controller.php, line 68]
2015-02-26 10:21:10 Notice: Notice (8): Undefined variable: crawl in [/home/vincent/workspace/qiwur-nutch-ui/app/views/crawl_filters/edit.ctp, line 28]
2015-02-26 10:21:19 Notice: Notice (8): Undefined variable: crawl in [/home/vincent/workspace/qiwur-nutch-ui/app/views/crawl_filters/edit.ctp, line 28]
2015-02-26 10:21:43 Notice: Notice (8): Undefined variable: crawl in [/home/vincent/workspace/qiwur-nutch-ui/app/views/crawl_filters/edit.ctp, line 28]
2015-02-26 11:23:02 Notice: Notice (8): Undefined variable: crawl in [/home/vincent/workspace/qiwur-nutch-ui/app/views/crawl_filters/edit.ctp, line 16]
2015-02-26 13:28:28 Notice: Notice (8): Undefined index: parse_blocks in [/home/vincent/workspace/qiwur-nutch-ui/app/views/crawl_filters/add.ctp, line 54]
2015-02-26 13:28:28 Notice: Notice (8): Undefined index: no_parse_blocks in [/home/vincent/workspace/qiwur-nutch-ui/app/views/crawl_filters/add.ctp, line 55]
2015-02-26 13:28:28 Notice: Notice (8): Undefined index: pagination_block in [/home/vincent/workspace/qiwur-nutch-ui/app/views/crawl_filters/add.ctp, line 56]
2015-02-26 16:02:07 Notice: Notice (8): Undefined index: domain_pattern in [/home/vincent/workspace/qiwur-nutch-ui/app/controllers/crawl_filters_controller.php, line 20]
2015-02-26 16:02:07 Notice: Notice (8): Undefined index: index_url_patterns in [/home/vincent/workspace/qiwur-nutch-ui/app/controllers/crawl_filters_controller.php, line 21]
2015-02-26 16:02:07 Notice: Notice (8): Undefined index: item_url_patterns in [/home/vincent/workspace/qiwur-nutch-ui/app/controllers/crawl_filters_controller.php, line 22]
2015-02-26 16:02:07 Notice: Notice (8): Undefined index: url_patterns in [/home/vincent/workspace/qiwur-nutch-ui/app/controllers/crawl_filters_controller.php, line 23]
2015-02-26 16:02:07 Notice: Notice (8): Undefined index: keywords in [/home/vincent/workspace/qiwur-nutch-ui/app/controllers/crawl_filters_controller.php, line 24]
2015-02-26 16:02:07 Notice: Notice (8): Undefined index: bad_words in [/home/vincent/workspace/qiwur-nutch-ui/app/controllers/crawl_filters_controller.php, line 25]
2015-02-26 16:02:07 Notice: Notice (8): Undefined index: text_patterns in [/home/vincent/workspace/qiwur-nutch-ui/app/controllers/crawl_filters_controller.php, line 26]
2015-02-26 16:02:32 Notice: Notice (8): Undefined index: domain_patterns in [/home/vincent/workspace/qiwur-nutch-ui/app/views/crawls/view.ctp, line 197]
2015-02-26 16:02:32 Notice: Notice (8): Undefined index: index_url_patterns in [/home/vincent/workspace/qiwur-nutch-ui/app/views/crawls/view.ctp, line 198]
2015-02-26 16:02:32 Notice: Notice (8): Undefined index: item_url_patterns in [/home/vincent/workspace/qiwur-nutch-ui/app/views/crawls/view.ctp, line 199]
2015-02-26 16:02:32 Notice: Notice (8): Undefined index: keywords in [/home/vincent/workspace/qiwur-nutch-ui/app/views/crawls/view.ctp, line 200]
2015-02-26 16:02:32 Notice: Notice (8): Undefined index: bad_words in [/home/vincent/workspace/qiwur-nutch-ui/app/views/crawls/view.ctp, line 201]
2015-02-26 16:04:59 Notice: Notice (8): Undefined variable: crawl in [/home/vincent/workspace/qiwur-nutch-ui/app/views/crawl_filters/edit.ctp, line 42]
2015-02-26 16:05:40 Notice: Notice (8): Undefined variable: crawl in [/home/vincent/workspace/qiwur-nutch-ui/app/views/crawl_filters/edit.ctp, line 27]
2015-02-26 16:11:29 Notice: Notice (8): Undefined index: id in [/home/vincent/workspace/qiwur-nutch-ui/app/controllers/crawl_filters_controller.php, line 56]
2015-02-26 17:11:57 Notice: Notice (8): Undefined index: domain_patterns in [/home/vincent/workspace/qiwur-nutch-ui/app/views/crawl_filters/view.ctp, line 11]
2015-02-26 17:11:57 Notice: Notice (8): Undefined index: filter_mode in [/home/vincent/workspace/qiwur-nutch-ui/app/views/crawl_filters/view.ctp, line 16]
2015-02-26 17:11:57 Notice: Notice (8): Undefined index: index_url_patterns in [/home/vincent/workspace/qiwur-nutch-ui/app/views/crawl_filters/view.ctp, line 30]
2015-02-26 17:11:57 Notice: Notice (8): Undefined index: item_url_patterns in [/home/vincent/workspace/qiwur-nutch-ui/app/views/crawl_filters/view.ctp, line 35]
2015-02-26 17:11:57 Notice: Notice (8): Undefined index: keywords in [/home/vincent/workspace/qiwur-nutch-ui/app/views/crawl_filters/view.ctp, line 40]
2015-02-26 17:11:57 Notice: Notice (8): Undefined index: bad_words in [/home/vincent/workspace/qiwur-nutch-ui/app/views/crawl_filters/view.ctp, line 45]
2015-02-26 17:11:57 Notice: Notice (8): Undefined index: url_patterns in [/home/vincent/workspace/qiwur-nutch-ui/app/views/crawl_filters/view.ctp, line 54]
2015-02-26 17:11:57 Notice: Notice (8): Undefined index: text_patterns in [/home/vincent/workspace/qiwur-nutch-ui/app/views/crawl_filters/view.ctp, line 59]
2015-02-26 17:16:12 Notice: Notice (8): Undefined index: domain_patterns in [/home/vincent/workspace/qiwur-nutch-ui/app/views/crawl_filters/view.ctp, line 11]
2015-02-26 17:16:12 Notice: Notice (8): Undefined index: filter_mode in [/home/vincent/workspace/qiwur-nutch-ui/app/views/crawl_filters/view.ctp, line 16]
2015-02-26 17:16:12 Notice: Notice (8): Undefined index: index_url_patterns in [/home/vincent/workspace/qiwur-nutch-ui/app/views/crawl_filters/view.ctp, line 30]
2015-02-26 17:16:12 Notice: Notice (8): Undefined index: item_url_patterns in [/home/vincent/workspace/qiwur-nutch-ui/app/views/crawl_filters/view.ctp, line 35]
2015-02-26 17:16:12 Notice: Notice (8): Undefined index: keywords in [/home/vincent/workspace/qiwur-nutch-ui/app/views/crawl_filters/view.ctp, line 40]
2015-02-26 17:16:12 Notice: Notice (8): Undefined index: bad_words in [/home/vincent/workspace/qiwur-nutch-ui/app/views/crawl_filters/view.ctp, line 45]
2015-02-26 17:16:12 Notice: Notice (8): Undefined index: url_patterns in [/home/vincent/workspace/qiwur-nutch-ui/app/views/crawl_filters/view.ctp, line 54]
2015-02-26 17:16:12 Notice: Notice (8): Undefined index: text_patterns in [/home/vincent/workspace/qiwur-nutch-ui/app/views/crawl_filters/view.ctp, line 59]
2015-02-26 17:44:44 Notice: Notice (8): Undefined index: domain_patterns in [/home/vincent/workspace/qiwur-nutch-ui/app/views/crawl_filters/view.ctp, line 11]
2015-02-26 17:44:44 Notice: Notice (8): Undefined index: filter_mode in [/home/vincent/workspace/qiwur-nutch-ui/app/views/crawl_filters/view.ctp, line 16]
2015-02-26 17:44:44 Notice: Notice (8): Undefined index: index_url_patterns in [/home/vincent/workspace/qiwur-nutch-ui/app/views/crawl_filters/view.ctp, line 30]
2015-02-26 17:44:44 Notice: Notice (8): Undefined index: item_url_patterns in [/home/vincent/workspace/qiwur-nutch-ui/app/views/crawl_filters/view.ctp, line 35]
2015-02-26 17:44:44 Notice: Notice (8): Undefined index: keywords in [/home/vincent/workspace/qiwur-nutch-ui/app/views/crawl_filters/view.ctp, line 40]
2015-02-26 17:44:44 Notice: Notice (8): Undefined index: bad_words in [/home/vincent/workspace/qiwur-nutch-ui/app/views/crawl_filters/view.ctp, line 45]
2015-02-26 17:44:44 Notice: Notice (8): Undefined index: url_patterns in [/home/vincent/workspace/qiwur-nutch-ui/app/views/crawl_filters/view.ctp, line 54]
2015-02-26 17:44:44 Notice: Notice (8): Undefined index: text_patterns in [/home/vincent/workspace/qiwur-nutch-ui/app/views/crawl_filters/view.ctp, line 59]
2015-02-26 20:27:48 Notice: Notice (8): Undefined index: id in [/home/vincent/workspace/qiwur-nutch-ui/app/controllers/crawl_filters_controller.php, line 55]
2015-02-26 20:28:08 Notice: Notice (8): Undefined index: id in [/home/vincent/workspace/qiwur-nutch-ui/app/controllers/crawl_filters_controller.php, line 55]
2015-02-26 20:31:22 Notice: Notice (8): Undefined index: filter_mode in [/home/vincent/workspace/qiwur-nutch-ui/app/views/crawl_filters/add.ctp, line 24]
2015-02-26 20:31:22 Notice: Notice (8): Undefined index: text_patterns in [/home/vincent/workspace/qiwur-nutch-ui/app/views/crawl_filters/add.ctp, line 53]
2015-02-26 20:31:22 Notice: Notice (8): Undefined index: parse_blocks in [/home/vincent/workspace/qiwur-nutch-ui/app/views/crawl_filters/add.ctp, line 54]
2015-02-26 20:32:00 Notice: Notice (8): Undefined index: text_patterns in [/home/vincent/workspace/qiwur-nutch-ui/app/views/crawl_filters/add.ctp, line 57]
2015-02-26 20:32:00 Notice: Notice (8): Undefined index: parse_blocks in [/home/vincent/workspace/qiwur-nutch-ui/app/views/crawl_filters/add.ctp, line 58]
2015-02-26 21:19:24 Notice: Notice (8): Undefined index: CrawlFilter.text_filter in [/home/vincent/workspace/qiwur-nutch-ui/app/views/crawls/add.ctp, line 60]
2015-02-26 21:19:24 Notice: Notice (8): Undefined index: CrawlFilter.text_filter in [/home/vincent/workspace/qiwur-nutch-ui/app/views/crawls/add.ctp, line 61]
2015-02-26 21:19:24 Notice: Notice (8): Undefined index: CrawlFilter.text_filter in [/home/vincent/workspace/qiwur-nutch-ui/app/views/crawls/add.ctp, line 62]
2015-02-26 21:19:24 Notice: Notice (8): Undefined index: CrawlFilter.text_filter in [/home/vincent/workspace/qiwur-nutch-ui/app/views/crawls/add.ctp, line 63]
2015-02-27 09:59:52 Notice: Notice (8): Undefined index: domain_patterns in [/home/vincent/workspace/qiwur-nutch-ui/app/views/crawl_filters/view.ctp, line 11]
2015-02-27 09:59:52 Notice: Notice (8): Undefined index: filter_mode in [/home/vincent/workspace/qiwur-nutch-ui/app/views/crawl_filters/view.ctp, line 16]
2015-02-27 09:59:52 Notice: Notice (8): Undefined index: index_url_patterns in [/home/vincent/workspace/qiwur-nutch-ui/app/views/crawl_filters/view.ctp, line 30]
2015-02-27 09:59:52 Notice: Notice (8): Undefined index: item_url_patterns in [/home/vincent/workspace/qiwur-nutch-ui/app/views/crawl_filters/view.ctp, line 35]
2015-02-27 09:59:52 Notice: Notice (8): Undefined index: keywords in [/home/vincent/workspace/qiwur-nutch-ui/app/views/crawl_filters/view.ctp, line 40]
2015-02-27 09:59:52 Notice: Notice (8): Undefined index: bad_words in [/home/vincent/workspace/qiwur-nutch-ui/app/views/crawl_filters/view.ctp, line 45]
2015-02-27 09:59:52 Notice: Notice (8): Undefined index: url_patterns in [/home/vincent/workspace/qiwur-nutch-ui/app/views/crawl_filters/view.ctp, line 54]
2015-02-27 09:59:52 Notice: Notice (8): Undefined index: text_patterns in [/home/vincent/workspace/qiwur-nutch-ui/app/views/crawl_filters/view.ctp, line 59]
2015-02-27 10:08:05 Notice: Notice (8): Undefined index: domain_patterns in [/home/vincent/workspace/qiwur-nutch-ui/app/views/crawl_filters/view.ctp, line 11]
2015-02-27 10:08:05 Notice: Notice (8): Undefined index: filter_mode in [/home/vincent/workspace/qiwur-nutch-ui/app/views/crawl_filters/view.ctp, line 16]
2015-02-27 10:08:05 Notice: Notice (8): Undefined index: index_url_patterns in [/home/vincent/workspace/qiwur-nutch-ui/app/views/crawl_filters/view.ctp, line 30]
2015-02-27 10:08:05 Notice: Notice (8): Undefined index: item_url_patterns in [/home/vincent/workspace/qiwur-nutch-ui/app/views/crawl_filters/view.ctp, line 35]
2015-02-27 10:08:05 Notice: Notice (8): Undefined index: keywords in [/home/vincent/workspace/qiwur-nutch-ui/app/views/crawl_filters/view.ctp, line 40]
2015-02-27 10:08:05 Notice: Notice (8): Undefined index: bad_words in [/home/vincent/workspace/qiwur-nutch-ui/app/views/crawl_filters/view.ctp, line 45]
2015-02-27 10:08:05 Notice: Notice (8): Undefined index: url_patterns in [/home/vincent/workspace/qiwur-nutch-ui/app/views/crawl_filters/view.ctp, line 54]
2015-02-27 10:08:05 Notice: Notice (8): Undefined index: text_patterns in [/home/vincent/workspace/qiwur-nutch-ui/app/views/crawl_filters/view.ctp, line 59]
2015-02-27 10:15:32 Notice: Notice (8): Undefined index: id in [/home/vincent/workspace/qiwur-nutch-ui/app/controllers/crawl_filters_controller.php, line 58]
2015-02-27 11:05:10 Notice: Notice (8): Undefined variable: pageType in [/home/vincent/workspace/qiwur-nutch-ui/app/views/crawl_filters/add.ctp, line 14]
2015-02-27 11:11:35 Notice: Notice (8): Undefined index: FilterMode in [/home/vincent/workspace/qiwur-nutch-ui/app/controllers/crawl_filters_controller.php, line 21]
2015-02-27 11:12:12 Notice: Notice (8): Undefined index: filter in [/home/vincent/workspace/qiwur-nutch-ui/app/controllers/crawl_filters_controller.php, line 21]
2015-02-27 11:17:56 Notice: Notice (8): Undefined index: domain_patterns in [/home/vincent/workspace/qiwur-nutch-ui/app/views/crawl_filters/view.ctp, line 11]
2015-02-27 11:17:56 Notice: Notice (8): Undefined index: filter_mode in [/home/vincent/workspace/qiwur-nutch-ui/app/views/crawl_filters/view.ctp, line 16]
2015-02-27 11:17:56 Notice: Notice (8): Undefined index: index_url_patterns in [/home/vincent/workspace/qiwur-nutch-ui/app/views/crawl_filters/view.ctp, line 30]
2015-02-27 11:17:56 Notice: Notice (8): Undefined index: item_url_patterns in [/home/vincent/workspace/qiwur-nutch-ui/app/views/crawl_filters/view.ctp, line 35]
2015-02-27 11:17:56 Notice: Notice (8): Undefined index: keywords in [/home/vincent/workspace/qiwur-nutch-ui/app/views/crawl_filters/view.ctp, line 40]
2015-02-27 11:17:56 Notice: Notice (8): Undefined index: bad_words in [/home/vincent/workspace/qiwur-nutch-ui/app/views/crawl_filters/view.ctp, line 45]
2015-02-27 11:17:56 Notice: Notice (8): Undefined index: url_patterns in [/home/vincent/workspace/qiwur-nutch-ui/app/views/crawl_filters/view.ctp, line 54]
2015-02-27 11:17:56 Notice: Notice (8): Undefined index: text_patterns in [/home/vincent/workspace/qiwur-nutch-ui/app/views/crawl_filters/view.ctp, line 59]
2015-02-27 11:19:54 Notice: Notice (8): Undefined index: index_url_patterns in [/home/vincent/workspace/qiwur-nutch-ui/app/views/crawl_filters/view.ctp, line 40]
2015-02-27 11:19:54 Notice: Notice (8): Undefined index: item_url_patterns in [/home/vincent/workspace/qiwur-nutch-ui/app/views/crawl_filters/view.ctp, line 45]
2015-02-27 11:19:54 Notice: Notice (8): Undefined index: keywords in [/home/vincent/workspace/qiwur-nutch-ui/app/views/crawl_filters/view.ctp, line 50]
2015-02-27 11:19:54 Notice: Notice (8): Undefined index: bad_words in [/home/vincent/workspace/qiwur-nutch-ui/app/views/crawl_filters/view.ctp, line 55]
2015-02-27 11:19:54 Notice: Notice (8): Undefined index: url_patterns in [/home/vincent/workspace/qiwur-nutch-ui/app/views/crawl_filters/view.ctp, line 64]
2015-02-27 11:19:54 Notice: Notice (8): Undefined index: text_patterns in [/home/vincent/workspace/qiwur-nutch-ui/app/views/crawl_filters/view.ctp, line 69]
