
2015-02-15 18:29:40 Error: Failed to create nutch config, msg : org.restlet.ext.jaxrs.internal.exceptions.ConvertRepresentationException: Could not convert the message body to a org.apache.nutch.api.model.request.NutchConfig
	at org.restlet.ext.jaxrs.internal.exceptions.ConvertRepresentationException.object(ConvertRepresentationException.java:58)
	at org.restlet.ext.jaxrs.internal.wrappers.params.EntityGetter.getValue(EntityGetter.java:116)
	at org.restlet.ext.jaxrs.internal.wrappers.params.ParameterList.get(ParameterList.java:1134)
	at org.restlet.ext.jaxrs.internal.wrappers.AbstractMethodWrapper.internalInvoke(AbstractMethodWrapper.java:169)
	at org.restlet.ext.jaxrs.internal.wrappers.ResourceMethod.invoke(ResourceMethod.java:292)
	at org.restlet.ext.jaxrs.JaxRsRestlet.invokeMethod(JaxRsRestlet.java:1005)
	at org.restlet.ext.jaxrs.JaxRsRestlet.handle(JaxRsRestlet.java:754)
	at org.restlet.routing.Filter.doHandle(Filter.java:159)
	at org.restlet.routing.Filter.handle(Filter.java:206)
	at org.restlet.routing.Filter.doHandle(Filter.java:159)
	at org.restlet.routing.Filter.handle(Filter.java:206)
	at org.restlet.routing.Filter.doHandle(Filter.java:159)
	at org.restlet.engine.application.StatusFilter.doHandle(StatusFilter.java:155)
	at org.restlet.routing.Filter.handle(Filter.java:206)
	at org.restlet.routing.Filter.doHandle(Filter.java:159)
	at org.restlet.routing.Filter.handle(Filter.java:206)
	at org.restlet.engine.CompositeHelper.handle(CompositeHelper.java:211)
	at org.restlet.engine.application.ApplicationHelper.handle(ApplicationHelper.java:84)
	at org.restlet.Application.handle(Application.java:384)
	at org.restlet.routing.Filter.doHandle(Filter.java:159)
	at org.restlet.routing.Filter.handle(Filter.java:206)
	at org.restlet.routing.Router.doHandle(Router.java:431)
	at org.restlet.routing.Router.handle(Router.java:648)
	at org.restlet.routing.Filter.doHandle(Filter.java:159)
	at org.restlet.routing.Filter.handle(Filter.java:206)
	at org.restlet.routing.Router.doHandle(Router.java:431)
	at org.restlet.routing.Router.handle(Router.java:648)
	at org.restlet.routing.Filter.doHandle(Filter.java:159)
	at org.restlet.engine.application.StatusFilter.doHandle(StatusFilter.java:155)
	at org.restlet.routing.Filter.handle(Filter.java:206)
	at org.restlet.routing.Filter.doHandle(Filter.java:159)
	at org.restlet.routing.Filter.handle(Filter.java:206)
	at org.restlet.engine.CompositeHelper.handle(CompositeHelper.java:211)
	at org.restlet.Component.handle(Component.java:406)
	at org.restlet.Server.handle(Server.java:516)
	at org.restlet.engine.connector.ServerHelper.handle(ServerHelper.java:72)
	at org.restlet.engine.adapter.HttpServerHelper.handle(HttpServerHelper.java:152)
	at org.restlet.engine.connector.HttpServerHelper$1.handle(HttpServerHelper.java:73)
	at com.sun.net.httpserver.Filter$Chain.doFilter(Filter.java:77)
	at sun.net.httpserver.AuthFilter.doFilter(AuthFilter.java:83)
	at com.sun.net.httpserver.Filter$Chain.doFilter(Filter.java:80)
	at sun.net.httpserver.ServerImpl$Exchange$LinkHandler.handle(ServerImpl.java:677)
	at com.sun.net.httpserver.Filter$Chain.doFilter(Filter.java:77)
	at sun.net.httpserver.ServerImpl$Exchange.run(ServerImpl.java:649)
	at java.util.concurrent.ThreadPoolExecutor.runWorker(ThreadPoolExecutor.java:1145)
	at java.util.concurrent.ThreadPoolExecutor$Worker.run(ThreadPoolExecutor.java:615)
	at java.lang.Thread.run(Thread.java:744)
Caused by: com.fasterxml.jackson.databind.exc.UnrecognizedPropertyException: Unrecognized field "confId" (class org.apache.nutch.api.model.request.NutchConfig), not marked as ignorable (3 known properties: , "force", "configId", "params"])
 at [Source: sun.net.httpserver.FixedLengthInputStream@603a0503; line: 1, column: 12] (through reference chain: org.apache.nutch.api.model.request.NutchConfig["confId"])
	at com.fasterxml.jackson.databind.exc.UnrecognizedPropertyException.from(UnrecognizedPropertyException.java:79)
	at com.fasterxml.jackson.databind.DeserializationContext.reportUnknownProperty(DeserializationContext.java:555)
	at com.fasterxml.jackson.databind.deser.std.StdDeserializer.handleUnknownProperty(StdDeserializer.java:708)
	at com.fasterxml.jackson.databind.deser.BeanDeserializerBase.handleUnknownProperty(BeanDeserializerBase.java:1160)
	at com.fasterxml.jackson.databind.deser.BeanDeserializer.deserializeFromObject(BeanDeserializer.java:315)
	at com.fasterxml.jackson.databind.deser.BeanDeserializer.deserialize(BeanDeserializer.java:121)
	at com.fasterxml.jackson.databind.ObjectReader._bindAndClose(ObjectReader.java:1216)
	at com.fasterxml.jackson.databind.ObjectReader.readValue(ObjectReader.java:798)
	at org.restlet.ext.jackson.JacksonRepresentation.getObject(JacksonRepresentation.java:309)
	at org.restlet.ext.jackson.JacksonConverter.toObject(JacksonConverter.java:217)
	at org.restlet.service.ConverterService.toObject(ConverterService.java:238)
	at org.restlet.ext.jaxrs.internal.provider.ConverterProvider.readFrom(ConverterProvider.java:153)
	at org.restlet.ext.jaxrs.internal.wrappers.provider.SingletonProvider.readFrom(SingletonProvider.java:310)
	at org.restlet.ext.jaxrs.internal.wrappers.params.EntityGetter.getValue(EntityGetter.java:110)
	... 45 more

2015-02-15 18:31:47 Error: Failed to create nutch config, msg : org.restlet.ext.jaxrs.internal.exceptions.ConvertRepresentationException: Could not convert the message body to a org.apache.nutch.api.model.request.NutchConfig
	at org.restlet.ext.jaxrs.internal.exceptions.ConvertRepresentationException.object(ConvertRepresentationException.java:58)
	at org.restlet.ext.jaxrs.internal.wrappers.params.EntityGetter.getValue(EntityGetter.java:116)
	at org.restlet.ext.jaxrs.internal.wrappers.params.ParameterList.get(ParameterList.java:1134)
	at org.restlet.ext.jaxrs.internal.wrappers.AbstractMethodWrapper.internalInvoke(AbstractMethodWrapper.java:169)
	at org.restlet.ext.jaxrs.internal.wrappers.ResourceMethod.invoke(ResourceMethod.java:292)
	at org.restlet.ext.jaxrs.JaxRsRestlet.invokeMethod(JaxRsRestlet.java:1005)
	at org.restlet.ext.jaxrs.JaxRsRestlet.handle(JaxRsRestlet.java:754)
	at org.restlet.routing.Filter.doHandle(Filter.java:159)
	at org.restlet.routing.Filter.handle(Filter.java:206)
	at org.restlet.routing.Filter.doHandle(Filter.java:159)
	at org.restlet.routing.Filter.handle(Filter.java:206)
	at org.restlet.routing.Filter.doHandle(Filter.java:159)
	at org.restlet.engine.application.StatusFilter.doHandle(StatusFilter.java:155)
	at org.restlet.routing.Filter.handle(Filter.java:206)
	at org.restlet.routing.Filter.doHandle(Filter.java:159)
	at org.restlet.routing.Filter.handle(Filter.java:206)
	at org.restlet.engine.CompositeHelper.handle(CompositeHelper.java:211)
	at org.restlet.engine.application.ApplicationHelper.handle(ApplicationHelper.java:84)
	at org.restlet.Application.handle(Application.java:384)
	at org.restlet.routing.Filter.doHandle(Filter.java:159)
	at org.restlet.routing.Filter.handle(Filter.java:206)
	at org.restlet.routing.Router.doHandle(Router.java:431)
	at org.restlet.routing.Router.handle(Router.java:648)
	at org.restlet.routing.Filter.doHandle(Filter.java:159)
	at org.restlet.routing.Filter.handle(Filter.java:206)
	at org.restlet.routing.Router.doHandle(Router.java:431)
	at org.restlet.routing.Router.handle(Router.java:648)
	at org.restlet.routing.Filter.doHandle(Filter.java:159)
	at org.restlet.engine.application.StatusFilter.doHandle(StatusFilter.java:155)
	at org.restlet.routing.Filter.handle(Filter.java:206)
	at org.restlet.routing.Filter.doHandle(Filter.java:159)
	at org.restlet.routing.Filter.handle(Filter.java:206)
	at org.restlet.engine.CompositeHelper.handle(CompositeHelper.java:211)
	at org.restlet.Component.handle(Component.java:406)
	at org.restlet.Server.handle(Server.java:516)
	at org.restlet.engine.connector.ServerHelper.handle(ServerHelper.java:72)
	at org.restlet.engine.adapter.HttpServerHelper.handle(HttpServerHelper.java:152)
	at org.restlet.engine.connector.HttpServerHelper$1.handle(HttpServerHelper.java:73)
	at com.sun.net.httpserver.Filter$Chain.doFilter(Filter.java:77)
	at sun.net.httpserver.AuthFilter.doFilter(AuthFilter.java:83)
	at com.sun.net.httpserver.Filter$Chain.doFilter(Filter.java:80)
	at sun.net.httpserver.ServerImpl$Exchange$LinkHandler.handle(ServerImpl.java:677)
	at com.sun.net.httpserver.Filter$Chain.doFilter(Filter.java:77)
	at sun.net.httpserver.ServerImpl$Exchange.run(ServerImpl.java:649)
	at java.util.concurrent.ThreadPoolExecutor.runWorker(ThreadPoolExecutor.java:1145)
	at java.util.concurrent.ThreadPoolExecutor$Worker.run(ThreadPoolExecutor.java:615)
	at java.lang.Thread.run(Thread.java:744)
Caused by: com.fasterxml.jackson.databind.JsonMappingException: Can not deserialize instance of java.util.LinkedHashMap out of START_ARRAY token
 at [Source: sun.net.httpserver.FixedLengthInputStream@747fcf24; line: 1, column: 70] (through reference chain: org.apache.nutch.api.model.request.NutchConfig["params"])
	at com.fasterxml.jackson.databind.JsonMappingException.from(JsonMappingException.java:164)
	at com.fasterxml.jackson.databind.DeserializationContext.mappingException(DeserializationContext.java:575)
	at com.fasterxml.jackson.databind.DeserializationContext.mappingException(DeserializationContext.java:569)
	at com.fasterxml.jackson.databind.deser.std.MapDeserializer.deserialize(MapDeserializer.java:310)
	at com.fasterxml.jackson.databind.deser.std.MapDeserializer.deserialize(MapDeserializer.java:26)
	at com.fasterxml.jackson.databind.deser.SettableBeanProperty.deserialize(SettableBeanProperty.java:464)
	at com.fasterxml.jackson.databind.deser.impl.MethodProperty.deserializeAndSet(MethodProperty.java:98)
	at com.fasterxml.jackson.databind.deser.BeanDeserializer.deserializeFromObject(BeanDeserializer.java:295)
	at com.fasterxml.jackson.databind.deser.BeanDeserializer.deserialize(BeanDeserializer.java:121)
	at com.fasterxml.jackson.databind.ObjectReader._bindAndClose(ObjectReader.java:1216)
	at com.fasterxml.jackson.databind.ObjectReader.readValue(ObjectReader.java:798)
	at org.restlet.ext.jackson.JacksonRepresentation.getObject(JacksonRepresentation.java:309)
	at org.restlet.ext.jackson.JacksonConverter.toObject(JacksonConverter.java:217)
	at org.restlet.service.ConverterService.toObject(ConverterService.java:238)
	at org.restlet.ext.jaxrs.internal.provider.ConverterProvider.readFrom(ConverterProvider.java:153)
	at org.restlet.ext.jaxrs.internal.wrappers.provider.SingletonProvider.readFrom(SingletonProvider.java:310)
	at org.restlet.ext.jaxrs.internal.wrappers.params.EntityGetter.getValue(EntityGetter.java:110)
	... 45 more

2015-02-15 18:31:50 Error: Failed to create nutch config, msg : org.restlet.ext.jaxrs.internal.exceptions.ConvertRepresentationException: Could not convert the message body to a org.apache.nutch.api.model.request.NutchConfig
	at org.restlet.ext.jaxrs.internal.exceptions.ConvertRepresentationException.object(ConvertRepresentationException.java:58)
	at org.restlet.ext.jaxrs.internal.wrappers.params.EntityGetter.getValue(EntityGetter.java:116)
	at org.restlet.ext.jaxrs.internal.wrappers.params.ParameterList.get(ParameterList.java:1134)
	at org.restlet.ext.jaxrs.internal.wrappers.AbstractMethodWrapper.internalInvoke(AbstractMethodWrapper.java:169)
	at org.restlet.ext.jaxrs.internal.wrappers.ResourceMethod.invoke(ResourceMethod.java:292)
	at org.restlet.ext.jaxrs.JaxRsRestlet.invokeMethod(JaxRsRestlet.java:1005)
	at org.restlet.ext.jaxrs.JaxRsRestlet.handle(JaxRsRestlet.java:754)
	at org.restlet.routing.Filter.doHandle(Filter.java:159)
	at org.restlet.routing.Filter.handle(Filter.java:206)
	at org.restlet.routing.Filter.doHandle(Filter.java:159)
	at org.restlet.routing.Filter.handle(Filter.java:206)
	at org.restlet.routing.Filter.doHandle(Filter.java:159)
	at org.restlet.engine.application.StatusFilter.doHandle(StatusFilter.java:155)
	at org.restlet.routing.Filter.handle(Filter.java:206)
	at org.restlet.routing.Filter.doHandle(Filter.java:159)
	at org.restlet.routing.Filter.handle(Filter.java:206)
	at org.restlet.engine.CompositeHelper.handle(CompositeHelper.java:211)
	at org.restlet.engine.application.ApplicationHelper.handle(ApplicationHelper.java:84)
	at org.restlet.Application.handle(Application.java:384)
	at org.restlet.routing.Filter.doHandle(Filter.java:159)
	at org.restlet.routing.Filter.handle(Filter.java:206)
	at org.restlet.routing.Router.doHandle(Router.java:431)
	at org.restlet.routing.Router.handle(Router.java:648)
	at org.restlet.routing.Filter.doHandle(Filter.java:159)
	at org.restlet.routing.Filter.handle(Filter.java:206)
	at org.restlet.routing.Router.doHandle(Router.java:431)
	at org.restlet.routing.Router.handle(Router.java:648)
	at org.restlet.routing.Filter.doHandle(Filter.java:159)
	at org.restlet.engine.application.StatusFilter.doHandle(StatusFilter.java:155)
	at org.restlet.routing.Filter.handle(Filter.java:206)
	at org.restlet.routing.Filter.doHandle(Filter.java:159)
	at org.restlet.routing.Filter.handle(Filter.java:206)
	at org.restlet.engine.CompositeHelper.handle(CompositeHelper.java:211)
	at org.restlet.Component.handle(Component.java:406)
	at org.restlet.Server.handle(Server.java:516)
	at org.restlet.engine.connector.ServerHelper.handle(ServerHelper.java:72)
	at org.restlet.engine.adapter.HttpServerHelper.handle(HttpServerHelper.java:152)
	at org.restlet.engine.connector.HttpServerHelper$1.handle(HttpServerHelper.java:73)
	at com.sun.net.httpserver.Filter$Chain.doFilter(Filter.java:77)
	at sun.net.httpserver.AuthFilter.doFilter(AuthFilter.java:83)
	at com.sun.net.httpserver.Filter$Chain.doFilter(Filter.java:80)
	at sun.net.httpserver.ServerImpl$Exchange$LinkHandler.handle(ServerImpl.java:677)
	at com.sun.net.httpserver.Filter$Chain.doFilter(Filter.java:77)
	at sun.net.httpserver.ServerImpl$Exchange.run(ServerImpl.java:649)
	at java.util.concurrent.ThreadPoolExecutor.runWorker(ThreadPoolExecutor.java:1145)
	at java.util.concurrent.ThreadPoolExecutor$Worker.run(ThreadPoolExecutor.java:615)
	at java.lang.Thread.run(Thread.java:744)
Caused by: com.fasterxml.jackson.databind.JsonMappingException: Can not deserialize instance of java.util.LinkedHashMap out of START_ARRAY token
 at [Source: sun.net.httpserver.FixedLengthInputStream@3b585cf8; line: 1, column: 70] (through reference chain: org.apache.nutch.api.model.request.NutchConfig["params"])
	at com.fasterxml.jackson.databind.JsonMappingException.from(JsonMappingException.java:164)
	at com.fasterxml.jackson.databind.DeserializationContext.mappingException(DeserializationContext.java:575)
	at com.fasterxml.jackson.databind.DeserializationContext.mappingException(DeserializationContext.java:569)
	at com.fasterxml.jackson.databind.deser.std.MapDeserializer.deserialize(MapDeserializer.java:310)
	at com.fasterxml.jackson.databind.deser.std.MapDeserializer.deserialize(MapDeserializer.java:26)
	at com.fasterxml.jackson.databind.deser.SettableBeanProperty.deserialize(SettableBeanProperty.java:464)
	at com.fasterxml.jackson.databind.deser.impl.MethodProperty.deserializeAndSet(MethodProperty.java:98)
	at com.fasterxml.jackson.databind.deser.BeanDeserializer.deserializeFromObject(BeanDeserializer.java:295)
	at com.fasterxml.jackson.databind.deser.BeanDeserializer.deserialize(BeanDeserializer.java:121)
	at com.fasterxml.jackson.databind.ObjectReader._bindAndClose(ObjectReader.java:1216)
	at com.fasterxml.jackson.databind.ObjectReader.readValue(ObjectReader.java:798)
	at org.restlet.ext.jackson.JacksonRepresentation.getObject(JacksonRepresentation.java:309)
	at org.restlet.ext.jackson.JacksonConverter.toObject(JacksonConverter.java:217)
	at org.restlet.service.ConverterService.toObject(ConverterService.java:238)
	at org.restlet.ext.jaxrs.internal.provider.ConverterProvider.readFrom(ConverterProvider.java:153)
	at org.restlet.ext.jaxrs.internal.wrappers.provider.SingletonProvider.readFrom(SingletonProvider.java:310)
	at org.restlet.ext.jaxrs.internal.wrappers.params.EntityGetter.getValue(EntityGetter.java:110)
	... 45 more

2015-02-15 18:31:56 Error: Failed to create nutch config, msg : org.restlet.ext.jaxrs.internal.exceptions.ConvertRepresentationException: Could not convert the message body to a org.apache.nutch.api.model.request.NutchConfig
	at org.restlet.ext.jaxrs.internal.exceptions.ConvertRepresentationException.object(ConvertRepresentationException.java:58)
	at org.restlet.ext.jaxrs.internal.wrappers.params.EntityGetter.getValue(EntityGetter.java:116)
	at org.restlet.ext.jaxrs.internal.wrappers.params.ParameterList.get(ParameterList.java:1134)
	at org.restlet.ext.jaxrs.internal.wrappers.AbstractMethodWrapper.internalInvoke(AbstractMethodWrapper.java:169)
	at org.restlet.ext.jaxrs.internal.wrappers.ResourceMethod.invoke(ResourceMethod.java:292)
	at org.restlet.ext.jaxrs.JaxRsRestlet.invokeMethod(JaxRsRestlet.java:1005)
	at org.restlet.ext.jaxrs.JaxRsRestlet.handle(JaxRsRestlet.java:754)
	at org.restlet.routing.Filter.doHandle(Filter.java:159)
	at org.restlet.routing.Filter.handle(Filter.java:206)
	at org.restlet.routing.Filter.doHandle(Filter.java:159)
	at org.restlet.routing.Filter.handle(Filter.java:206)
	at org.restlet.routing.Filter.doHandle(Filter.java:159)
	at org.restlet.engine.application.StatusFilter.doHandle(StatusFilter.java:155)
	at org.restlet.routing.Filter.handle(Filter.java:206)
	at org.restlet.routing.Filter.doHandle(Filter.java:159)
	at org.restlet.routing.Filter.handle(Filter.java:206)
	at org.restlet.engine.CompositeHelper.handle(CompositeHelper.java:211)
	at org.restlet.engine.application.ApplicationHelper.handle(ApplicationHelper.java:84)
	at org.restlet.Application.handle(Application.java:384)
	at org.restlet.routing.Filter.doHandle(Filter.java:159)
	at org.restlet.routing.Filter.handle(Filter.java:206)
	at org.restlet.routing.Router.doHandle(Router.java:431)
	at org.restlet.routing.Router.handle(Router.java:648)
	at org.restlet.routing.Filter.doHandle(Filter.java:159)
	at org.restlet.routing.Filter.handle(Filter.java:206)
	at org.restlet.routing.Router.doHandle(Router.java:431)
	at org.restlet.routing.Router.handle(Router.java:648)
	at org.restlet.routing.Filter.doHandle(Filter.java:159)
	at org.restlet.engine.application.StatusFilter.doHandle(StatusFilter.java:155)
	at org.restlet.routing.Filter.handle(Filter.java:206)
	at org.restlet.routing.Filter.doHandle(Filter.java:159)
	at org.restlet.routing.Filter.handle(Filter.java:206)
	at org.restlet.engine.CompositeHelper.handle(CompositeHelper.java:211)
	at org.restlet.Component.handle(Component.java:406)
	at org.restlet.Server.handle(Server.java:516)
	at org.restlet.engine.connector.ServerHelper.handle(ServerHelper.java:72)
	at org.restlet.engine.adapter.HttpServerHelper.handle(HttpServerHelper.java:152)
	at org.restlet.engine.connector.HttpServerHelper$1.handle(HttpServerHelper.java:73)
	at com.sun.net.httpserver.Filter$Chain.doFilter(Filter.java:77)
	at sun.net.httpserver.AuthFilter.doFilter(AuthFilter.java:83)
	at com.sun.net.httpserver.Filter$Chain.doFilter(Filter.java:80)
	at sun.net.httpserver.ServerImpl$Exchange$LinkHandler.handle(ServerImpl.java:677)
	at com.sun.net.httpserver.Filter$Chain.doFilter(Filter.java:77)
	at sun.net.httpserver.ServerImpl$Exchange.run(ServerImpl.java:649)
	at java.util.concurrent.ThreadPoolExecutor.runWorker(ThreadPoolExecutor.java:1145)
	at java.util.concurrent.ThreadPoolExecutor$Worker.run(ThreadPoolExecutor.java:615)
	at java.lang.Thread.run(Thread.java:744)
Caused by: com.fasterxml.jackson.databind.JsonMappingException: Can not deserialize instance of java.util.LinkedHashMap out of START_ARRAY token
 at [Source: sun.net.httpserver.FixedLengthInputStream@4960083c; line: 1, column: 70] (through reference chain: org.apache.nutch.api.model.request.NutchConfig["params"])
	at com.fasterxml.jackson.databind.JsonMappingException.from(JsonMappingException.java:164)
	at com.fasterxml.jackson.databind.DeserializationContext.mappingException(DeserializationContext.java:575)
	at com.fasterxml.jackson.databind.DeserializationContext.mappingException(DeserializationContext.java:569)
	at com.fasterxml.jackson.databind.deser.std.MapDeserializer.deserialize(MapDeserializer.java:310)
	at com.fasterxml.jackson.databind.deser.std.MapDeserializer.deserialize(MapDeserializer.java:26)
	at com.fasterxml.jackson.databind.deser.SettableBeanProperty.deserialize(SettableBeanProperty.java:464)
	at com.fasterxml.jackson.databind.deser.impl.MethodProperty.deserializeAndSet(MethodProperty.java:98)
	at com.fasterxml.jackson.databind.deser.BeanDeserializer.deserializeFromObject(BeanDeserializer.java:295)
	at com.fasterxml.jackson.databind.deser.BeanDeserializer.deserialize(BeanDeserializer.java:121)
	at com.fasterxml.jackson.databind.ObjectReader._bindAndClose(ObjectReader.java:1216)
	at com.fasterxml.jackson.databind.ObjectReader.readValue(ObjectReader.java:798)
	at org.restlet.ext.jackson.JacksonRepresentation.getObject(JacksonRepresentation.java:309)
	at org.restlet.ext.jackson.JacksonConverter.toObject(JacksonConverter.java:217)
	at org.restlet.service.ConverterService.toObject(ConverterService.java:238)
	at org.restlet.ext.jaxrs.internal.provider.ConverterProvider.readFrom(ConverterProvider.java:153)
	at org.restlet.ext.jaxrs.internal.wrappers.provider.SingletonProvider.readFrom(SingletonProvider.java:310)
	at org.restlet.ext.jaxrs.internal.wrappers.params.EntityGetter.getValue(EntityGetter.java:110)
	... 45 more

2015-02-15 18:33:25 Error: Failed to create nutch config, msg : org.restlet.ext.jaxrs.internal.exceptions.ConvertRepresentationException: Could not convert the message body to a org.apache.nutch.api.model.request.NutchConfig
	at org.restlet.ext.jaxrs.internal.exceptions.ConvertRepresentationException.object(ConvertRepresentationException.java:58)
	at org.restlet.ext.jaxrs.internal.wrappers.params.EntityGetter.getValue(EntityGetter.java:116)
	at org.restlet.ext.jaxrs.internal.wrappers.params.ParameterList.get(ParameterList.java:1134)
	at org.restlet.ext.jaxrs.internal.wrappers.AbstractMethodWrapper.internalInvoke(AbstractMethodWrapper.java:169)
	at org.restlet.ext.jaxrs.internal.wrappers.ResourceMethod.invoke(ResourceMethod.java:292)
	at org.restlet.ext.jaxrs.JaxRsRestlet.invokeMethod(JaxRsRestlet.java:1005)
	at org.restlet.ext.jaxrs.JaxRsRestlet.handle(JaxRsRestlet.java:754)
	at org.restlet.routing.Filter.doHandle(Filter.java:159)
	at org.restlet.routing.Filter.handle(Filter.java:206)
	at org.restlet.routing.Filter.doHandle(Filter.java:159)
	at org.restlet.routing.Filter.handle(Filter.java:206)
	at org.restlet.routing.Filter.doHandle(Filter.java:159)
	at org.restlet.engine.application.StatusFilter.doHandle(StatusFilter.java:155)
	at org.restlet.routing.Filter.handle(Filter.java:206)
	at org.restlet.routing.Filter.doHandle(Filter.java:159)
	at org.restlet.routing.Filter.handle(Filter.java:206)
	at org.restlet.engine.CompositeHelper.handle(CompositeHelper.java:211)
	at org.restlet.engine.application.ApplicationHelper.handle(ApplicationHelper.java:84)
	at org.restlet.Application.handle(Application.java:384)
	at org.restlet.routing.Filter.doHandle(Filter.java:159)
	at org.restlet.routing.Filter.handle(Filter.java:206)
	at org.restlet.routing.Router.doHandle(Router.java:431)
	at org.restlet.routing.Router.handle(Router.java:648)
	at org.restlet.routing.Filter.doHandle(Filter.java:159)
	at org.restlet.routing.Filter.handle(Filter.java:206)
	at org.restlet.routing.Router.doHandle(Router.java:431)
	at org.restlet.routing.Router.handle(Router.java:648)
	at org.restlet.routing.Filter.doHandle(Filter.java:159)
	at org.restlet.engine.application.StatusFilter.doHandle(StatusFilter.java:155)
	at org.restlet.routing.Filter.handle(Filter.java:206)
	at org.restlet.routing.Filter.doHandle(Filter.java:159)
	at org.restlet.routing.Filter.handle(Filter.java:206)
	at org.restlet.engine.CompositeHelper.handle(CompositeHelper.java:211)
	at org.restlet.Component.handle(Component.java:406)
	at org.restlet.Server.handle(Server.java:516)
	at org.restlet.engine.connector.ServerHelper.handle(ServerHelper.java:72)
	at org.restlet.engine.adapter.HttpServerHelper.handle(HttpServerHelper.java:152)
	at org.restlet.engine.connector.HttpServerHelper$1.handle(HttpServerHelper.java:73)
	at com.sun.net.httpserver.Filter$Chain.doFilter(Filter.java:77)
	at sun.net.httpserver.AuthFilter.doFilter(AuthFilter.java:83)
	at com.sun.net.httpserver.Filter$Chain.doFilter(Filter.java:80)
	at sun.net.httpserver.ServerImpl$Exchange$LinkHandler.handle(ServerImpl.java:677)
	at com.sun.net.httpserver.Filter$Chain.doFilter(Filter.java:77)
	at sun.net.httpserver.ServerImpl$Exchange.run(ServerImpl.java:649)
	at java.util.concurrent.ThreadPoolExecutor.runWorker(ThreadPoolExecutor.java:1145)
	at java.util.concurrent.ThreadPoolExecutor$Worker.run(ThreadPoolExecutor.java:615)
	at java.lang.Thread.run(Thread.java:744)
Caused by: com.fasterxml.jackson.databind.JsonMappingException: Can not deserialize instance of java.util.LinkedHashMap out of START_ARRAY token
 at [Source: sun.net.httpserver.FixedLengthInputStream@108b736; line: 1, column: 70] (through reference chain: org.apache.nutch.api.model.request.NutchConfig["params"])
	at com.fasterxml.jackson.databind.JsonMappingException.from(JsonMappingException.java:164)
	at com.fasterxml.jackson.databind.DeserializationContext.mappingException(DeserializationContext.java:575)
	at com.fasterxml.jackson.databind.DeserializationContext.mappingException(DeserializationContext.java:569)
	at com.fasterxml.jackson.databind.deser.std.MapDeserializer.deserialize(MapDeserializer.java:310)
	at com.fasterxml.jackson.databind.deser.std.MapDeserializer.deserialize(MapDeserializer.java:26)
	at com.fasterxml.jackson.databind.deser.SettableBeanProperty.deserialize(SettableBeanProperty.java:464)
	at com.fasterxml.jackson.databind.deser.impl.MethodProperty.deserializeAndSet(MethodProperty.java:98)
	at com.fasterxml.jackson.databind.deser.BeanDeserializer.deserializeFromObject(BeanDeserializer.java:295)
	at com.fasterxml.jackson.databind.deser.BeanDeserializer.deserialize(BeanDeserializer.java:121)
	at com.fasterxml.jackson.databind.ObjectReader._bindAndClose(ObjectReader.java:1216)
	at com.fasterxml.jackson.databind.ObjectReader.readValue(ObjectReader.java:798)
	at org.restlet.ext.jackson.JacksonRepresentation.getObject(JacksonRepresentation.java:309)
	at org.restlet.ext.jackson.JacksonConverter.toObject(JacksonConverter.java:217)
	at org.restlet.service.ConverterService.toObject(ConverterService.java:238)
	at org.restlet.ext.jaxrs.internal.provider.ConverterProvider.readFrom(ConverterProvider.java:153)
	at org.restlet.ext.jaxrs.internal.wrappers.provider.SingletonProvider.readFrom(SingletonProvider.java:310)
	at org.restlet.ext.jaxrs.internal.wrappers.params.EntityGetter.getValue(EntityGetter.java:110)
	... 45 more

2015-02-15 18:34:56 Error: Failed to create nutch config, msg : org.restlet.ext.jaxrs.internal.exceptions.ConvertRepresentationException: Could not convert the message body to a org.apache.nutch.api.model.request.NutchConfig
	at org.restlet.ext.jaxrs.internal.exceptions.ConvertRepresentationException.object(ConvertRepresentationException.java:58)
	at org.restlet.ext.jaxrs.internal.wrappers.params.EntityGetter.getValue(EntityGetter.java:116)
	at org.restlet.ext.jaxrs.internal.wrappers.params.ParameterList.get(ParameterList.java:1134)
	at org.restlet.ext.jaxrs.internal.wrappers.AbstractMethodWrapper.internalInvoke(AbstractMethodWrapper.java:169)
	at org.restlet.ext.jaxrs.internal.wrappers.ResourceMethod.invoke(ResourceMethod.java:292)
	at org.restlet.ext.jaxrs.JaxRsRestlet.invokeMethod(JaxRsRestlet.java:1005)
	at org.restlet.ext.jaxrs.JaxRsRestlet.handle(JaxRsRestlet.java:754)
	at org.restlet.routing.Filter.doHandle(Filter.java:159)
	at org.restlet.routing.Filter.handle(Filter.java:206)
	at org.restlet.routing.Filter.doHandle(Filter.java:159)
	at org.restlet.routing.Filter.handle(Filter.java:206)
	at org.restlet.routing.Filter.doHandle(Filter.java:159)
	at org.restlet.engine.application.StatusFilter.doHandle(StatusFilter.java:155)
	at org.restlet.routing.Filter.handle(Filter.java:206)
	at org.restlet.routing.Filter.doHandle(Filter.java:159)
	at org.restlet.routing.Filter.handle(Filter.java:206)
	at org.restlet.engine.CompositeHelper.handle(CompositeHelper.java:211)
	at org.restlet.engine.application.ApplicationHelper.handle(ApplicationHelper.java:84)
	at org.restlet.Application.handle(Application.java:384)
	at org.restlet.routing.Filter.doHandle(Filter.java:159)
	at org.restlet.routing.Filter.handle(Filter.java:206)
	at org.restlet.routing.Router.doHandle(Router.java:431)
	at org.restlet.routing.Router.handle(Router.java:648)
	at org.restlet.routing.Filter.doHandle(Filter.java:159)
	at org.restlet.routing.Filter.handle(Filter.java:206)
	at org.restlet.routing.Router.doHandle(Router.java:431)
	at org.restlet.routing.Router.handle(Router.java:648)
	at org.restlet.routing.Filter.doHandle(Filter.java:159)
	at org.restlet.engine.application.StatusFilter.doHandle(StatusFilter.java:155)
	at org.restlet.routing.Filter.handle(Filter.java:206)
	at org.restlet.routing.Filter.doHandle(Filter.java:159)
	at org.restlet.routing.Filter.handle(Filter.java:206)
	at org.restlet.engine.CompositeHelper.handle(CompositeHelper.java:211)
	at org.restlet.Component.handle(Component.java:406)
	at org.restlet.Server.handle(Server.java:516)
	at org.restlet.engine.connector.ServerHelper.handle(ServerHelper.java:72)
	at org.restlet.engine.adapter.HttpServerHelper.handle(HttpServerHelper.java:152)
	at org.restlet.engine.connector.HttpServerHelper$1.handle(HttpServerHelper.java:73)
	at com.sun.net.httpserver.Filter$Chain.doFilter(Filter.java:77)
	at sun.net.httpserver.AuthFilter.doFilter(AuthFilter.java:83)
	at com.sun.net.httpserver.Filter$Chain.doFilter(Filter.java:80)
	at sun.net.httpserver.ServerImpl$Exchange$LinkHandler.handle(ServerImpl.java:677)
	at com.sun.net.httpserver.Filter$Chain.doFilter(Filter.java:77)
	at sun.net.httpserver.ServerImpl$Exchange.run(ServerImpl.java:649)
	at java.util.concurrent.ThreadPoolExecutor.runWorker(ThreadPoolExecutor.java:1145)
	at java.util.concurrent.ThreadPoolExecutor$Worker.run(ThreadPoolExecutor.java:615)
	at java.lang.Thread.run(Thread.java:744)
Caused by: com.fasterxml.jackson.databind.JsonMappingException: Can not deserialize instance of java.util.LinkedHashMap out of START_ARRAY token
 at [Source: sun.net.httpserver.FixedLengthInputStream@6c0b60c5; line: 1, column: 70] (through reference chain: org.apache.nutch.api.model.request.NutchConfig["params"])
	at com.fasterxml.jackson.databind.JsonMappingException.from(JsonMappingException.java:164)
	at com.fasterxml.jackson.databind.DeserializationContext.mappingException(DeserializationContext.java:575)
	at com.fasterxml.jackson.databind.DeserializationContext.mappingException(DeserializationContext.java:569)
	at com.fasterxml.jackson.databind.deser.std.MapDeserializer.deserialize(MapDeserializer.java:310)
	at com.fasterxml.jackson.databind.deser.std.MapDeserializer.deserialize(MapDeserializer.java:26)
	at com.fasterxml.jackson.databind.deser.SettableBeanProperty.deserialize(SettableBeanProperty.java:464)
	at com.fasterxml.jackson.databind.deser.impl.MethodProperty.deserializeAndSet(MethodProperty.java:98)
	at com.fasterxml.jackson.databind.deser.BeanDeserializer.deserializeFromObject(BeanDeserializer.java:295)
	at com.fasterxml.jackson.databind.deser.BeanDeserializer.deserialize(BeanDeserializer.java:121)
	at com.fasterxml.jackson.databind.ObjectReader._bindAndClose(ObjectReader.java:1216)
	at com.fasterxml.jackson.databind.ObjectReader.readValue(ObjectReader.java:798)
	at org.restlet.ext.jackson.JacksonRepresentation.getObject(JacksonRepresentation.java:309)
	at org.restlet.ext.jackson.JacksonConverter.toObject(JacksonConverter.java:217)
	at org.restlet.service.ConverterService.toObject(ConverterService.java:238)
	at org.restlet.ext.jaxrs.internal.provider.ConverterProvider.readFrom(ConverterProvider.java:153)
	at org.restlet.ext.jaxrs.internal.wrappers.provider.SingletonProvider.readFrom(SingletonProvider.java:310)
	at org.restlet.ext.jaxrs.internal.wrappers.params.EntityGetter.getValue(EntityGetter.java:110)
	... 45 more

2015-02-15 20:38:09 Error: Failed to inject for crawl #22
2015-02-15 21:02:27 Error: Failed to create nutch config, msg : {"exception":"class java.lang.IllegalArgumentException","message":"IllegalArgumentException: Config already exists.","stackTrace":"java.lang.IllegalArgumentException: Config already exists.\n\tat org.apache.nutch.api.impl.RAMConfManager.create(RAMConfManager.java:90)\n\tat org.apache.nutch.api.resources.ConfigResource.createConfig(ConfigResource.java:74)\n\tat sun.reflect.NativeMethodAccessorImpl.invoke0(Native Method)\n\tat sun.reflect.NativeMethodAccessorImpl.invoke(NativeMethodAccessorImpl.java:57)\n\tat sun.reflect.DelegatingMethodAccessorImpl.invoke(DelegatingMethodAccessorImpl.java:43)\n\tat java.lang.reflect.Method.invoke(Method.java:606)\n\tat org.restlet.ext.jaxrs.internal.wrappers.AbstractMethodWrapper.internalInvoke(AbstractMethodWrapper.java:171)\n\tat org.restlet.ext.jaxrs.internal.wrappers.ResourceMethod.invoke(ResourceMethod.java:292)\n\tat org.restlet.ext.jaxrs.JaxRsRestlet.invokeMethod(JaxRsRestlet.java:1005)\n\tat org.restlet.ext.jaxrs.JaxRsRestlet.handle(JaxRsRestlet.java:754)\n\tat org.restlet.routing.Filter.doHandle(Filter.java:159)\n\tat org.restlet.routing.Filter.handle(Filter.java:206)\n\tat org.restlet.routing.Filter.doHandle(Filter.java:159)\n\tat org.restlet.routing.Filter.handle(Filter.java:206)\n\tat org.restlet.routing.Filter.doHandle(Filter.java:159)\n\tat org.restlet.engine.application.StatusFilter.doHandle(StatusFilter.java:155)\n\tat org.restlet.routing.Filter.handle(Filter.java:206)\n\tat org.restlet.routing.Filter.doHandle(Filter.java:159)\n\tat org.restlet.routing.Filter.handle(Filter.java:206)\n\tat org.restlet.engine.CompositeHelper.handle(CompositeHelper.java:211)\n\tat org.restlet.engine.application.ApplicationHelper.handle(ApplicationHelper.java:84)\n\tat org.restlet.Application.handle(Application.java:384)\n\tat org.restlet.routing.Filter.doHandle(Filter.java:159)\n\tat org.restlet.routing.Filter.handle(Filter.java:206)\n\tat org.restlet.routing.Router.doHandle(Router.java:431)\n\tat org.restlet.routing.Router.handle(Router.java:648)\n\tat org.restlet.routing.Filter.doHandle(Filter.java:159)\n\tat org.restlet.routing.Filter.handle(Filter.java:206)\n\tat org.restlet.routing.Router.doHandle(Router.java:431)\n\tat org.restlet.routing.Router.handle(Router.java:648)\n\tat org.restlet.routing.Filter.doHandle(Filter.java:159)\n\tat org.restlet.engine.application.StatusFilter.doHandle(StatusFilter.java:155)\n\tat org.restlet.routing.Filter.handle(Filter.java:206)\n\tat org.restlet.routing.Filter.doHandle(Filter.java:159)\n\tat org.restlet.routing.Filter.handle(Filter.java:206)\n\tat org.restlet.engine.CompositeHelper.handle(CompositeHelper.java:211)\n\tat org.restlet.Component.handle(Component.java:406)\n\tat org.restlet.Server.handle(Server.java:516)\n\tat org.restlet.engine.connector.ServerHelper.handle(ServerHelper.java:72)\n\tat org.restlet.engine.adapter.HttpServerHelper.handle(HttpServerHelper.java:152)\n\tat org.restlet.engine.connector.HttpServerHelper$1.handle(HttpServerHelper.java:73)\n\tat com.sun.net.httpserver.Filter$Chain.doFilter(Filter.java:77)\n\tat sun.net.httpserver.AuthFilter.doFilter(AuthFilter.java:83)\n\tat com.sun.net.httpserver.Filter$Chain.doFilter(Filter.java:80)\n\tat sun.net.httpserver.ServerImpl$Exchange$LinkHandler.handle(ServerImpl.java:677)\n\tat com.sun.net.httpserver.Filter$Chain.doFilter(Filter.java:77)\n\tat sun.net.httpserver.ServerImpl$Exchange.run(ServerImpl.java:649)\n\tat java.util.concurrent.ThreadPoolExecutor.runWorker(ThreadPoolExecutor.java:1145)\n\tat java.util.concurrent.ThreadPoolExecutor$Worker.run(ThreadPoolExecutor.java:615)\n\tat java.lang.Thread.run(Thread.java:744)\n"}
2015-02-15 21:19:03 Warning: Warning (512): <span style="color:Red;text-align:left"><b>SQL Error:</b> 1054: Unknown column 'CrawlFilter.url_pattern' in 'field list'</span> in [/home/vincent/workspace/qiwur-nutch-ui/cake/libs/model/datasources/dbo_source.php, line 681]
2015-02-15 21:19:03 Warning: Warning (2): Invalid argument supplied for foreach() in [/home/vincent/workspace/qiwur-nutch-ui/cake/libs/model/datasources/dbo_source.php, line 1091]
2015-02-15 21:19:03 Warning: Warning (2): Cannot modify header information - headers already sent by (output started at /home/vincent/workspace/qiwur-nutch-ui/cake/libs/debugger.php:673) in [/home/vincent/workspace/qiwur-nutch-ui/cake/libs/controller/controller.php, line 746]
2015-02-15 21:21:51 Error: The crawl is already in progress!
2015-02-15 22:10:34 Warning: Warning (2): Missing argument 2 for CrawlsController::ajax_getJobInfo() in [/home/vincent/workspace/qiwur-nutch-ui/app/controllers/crawls_controller.php, line 188]
2015-02-15 22:10:34 Warning: Warning (2): Missing argument 2 for CrawlsController::ajax_getJobInfo() in [/home/vincent/workspace/qiwur-nutch-ui/app/controllers/crawls_controller.php, line 188]
2015-02-15 22:10:36 Warning: Warning (2): Missing argument 2 for CrawlsController::ajax_getJobInfo() in [/home/vincent/workspace/qiwur-nutch-ui/app/controllers/crawls_controller.php, line 188]
2015-02-15 22:10:36 Warning: Warning (2): Missing argument 2 for CrawlsController::ajax_getJobInfo() in [/home/vincent/workspace/qiwur-nutch-ui/app/controllers/crawls_controller.php, line 188]
2015-02-21 09:41:29 Warning: Warning (2): unlink(/home/vincent/workspace/qiwur-nutch-ui/app/tmp/locks/1) [<a href='http://php.net/function.unlink'>function.unlink</a>]: No such file or directory in [/home/vincent/workspace/qiwur-nutch-ui/app/controllers/components/job_manager.php, line 287]
2015-02-22 15:01:52 Warning: Warning (2): unlink(/home/vincent/workspace/qiwur-nutch-ui/app/tmp/locks/1) [<a href='http://php.net/function.unlink'>function.unlink</a>]: No such file or directory in [/home/vincent/workspace/qiwur-nutch-ui/app/controllers/components/job_manager.php, line 287]
2015-02-23 21:17:28 Warning: Warning (2): array_combine() expects parameter 1 to be array, null given in [/home/vincent/workspace/qiwur-nutch-ui/app/views/human_actions/add.ctp, line 7]
2015-02-23 21:53:11 Warning: Warning (2): Invalid argument supplied for foreach() in [/home/vincent/workspace/qiwur-nutch-ui/app/views/crawls/view.ctp, line 340]
2015-02-24 12:57:29 Warning: Warning (512): <span style="color:Red;text-align:left"><b>SQL Error:</b> 1062: Duplicate entry '0' for key 'PRIMARY'</span> in [/home/vincent/workspace/qiwur-nutch-ui/cake/libs/model/datasources/dbo_source.php, line 681]
2015-02-25 19:24:23 Warning: Warning (2): preg_match() expects parameter 2 to be string, array given in [/home/vincent/workspace/qiwur-nutch-ui/cake/libs/validation.php, line 946]
2015-02-26 16:02:07 Warning: Warning (2): Cannot modify header information - headers already sent by (output started at /home/vincent/workspace/qiwur-nutch-ui/cake/libs/debugger.php:673) in [/home/vincent/workspace/qiwur-nutch-ui/cake/libs/controller/controller.php, line 746]
2015-02-27 11:05:10 Warning: Warning (2): array_combine() expects parameter 1 to be array, null given in [/home/vincent/workspace/qiwur-nutch-ui/app/views/crawl_filters/add.ctp, line 14]
