
2015-01-26 19:44:50 Warning: Warning (512): DbAcl::check() - Failed ARO/ACO node lookup in permissions check.  Node references:
Aro: Array
(
    [User] => Array
        (
            [id] => 3
            [email] => ivincent.zhang@gmail.com
            [name] => vincent
            [avatar] => avatars/predefined/default.gif
            [avatar_big] => avatars/predefined/default_big.gif
            [point] => 0
            [level] => 0
            [exp] => 0
            [status] => ACTIVATED
            [group_id] => 3
            [referrer] => 4
            [ip] => ::ffff:127.0.1.1
            [statusflag] => 0
            [created] => 2011-01-12 15:40:53
            [modified] => 2011-02-16 16:30:29
        )

)

Aco: controllers/Statistics/index in [/home/vincent/workspace/qiwur-nutch-ui/cake/libs/controller/components/acl.php, line 273]
2015-01-26 19:57:26 Warning: Warning (512): DbAcl::check() - Failed ARO/ACO node lookup in permissions check.  Node references:
Aro: Array
(
    [User] => Array
        (
            [id] => 3
            [email] => ivincent.zhang@gmail.com
            [name] => vincent
            [avatar] => avatars/predefined/default.gif
            [avatar_big] => avatars/predefined/default_big.gif
            [point] => 0
            [level] => 0
            [exp] => 0
            [status] => ACTIVATED
            [group_id] => 3
            [referrer] => 4
            [ip] => ::ffff:127.0.1.1
            [statusflag] => 0
            [created] => 2011-01-12 15:40:53
            [modified] => 2011-02-16 16:30:29
        )

)

Aco: controllers/Statistics/admin_index in [/home/vincent/workspace/qiwur-nutch-ui/cake/libs/controller/components/acl.php, line 273]
2015-01-26 19:57:26 Warning: Warning (512): DbAcl::check() - Failed ARO/ACO node lookup in permissions check.  Node references:
Aro: Array
(
    [User] => Array
        (
            [id] => 3
            [email] => ivincent.zhang@gmail.com
            [name] => vincent
            [avatar] => avatars/predefined/default.gif
            [avatar_big] => avatars/predefined/default_big.gif
            [point] => 0
            [level] => 0
            [exp] => 0
            [status] => ACTIVATED
            [group_id] => 3
            [referrer] => 4
            [ip] => ::ffff:127.0.1.1
            [statusflag] => 0
            [created] => 2011-01-12 15:40:53
            [modified] => 2011-02-16 16:30:29
        )

)

Aco: controllers/Statistics/admin_index in [/home/vincent/workspace/qiwur-nutch-ui/cake/libs/controller/components/acl.php, line 273]
2015-01-26 19:59:38 Warning: Warning (512): DbAcl::check() - Failed ARO/ACO node lookup in permissions check.  Node references:
Aro: Array
(
    [User] => Array
        (
            [id] => 3
            [email] => ivincent.zhang@gmail.com
            [name] => vincent
            [avatar] => avatars/predefined/default.gif
            [avatar_big] => avatars/predefined/default_big.gif
            [point] => 0
            [level] => 0
            [exp] => 0
            [status] => ACTIVATED
            [group_id] => 3
            [referrer] => 4
            [ip] => ::ffff:127.0.1.1
            [statusflag] => 0
            [created] => 2011-01-12 15:40:53
            [modified] => 2011-02-16 16:30:29
        )

)

Aco: controllers/Schedulings/admin_index in [/home/vincent/workspace/qiwur-nutch-ui/cake/libs/controller/components/acl.php, line 273]
2015-01-26 19:59:42 Warning: Warning (512): DbAcl::check() - Failed ARO/ACO node lookup in permissions check.  Node references:
Aro: Array
(
    [User] => Array
        (
            [id] => 3
            [email] => ivincent.zhang@gmail.com
            [name] => vincent
            [avatar] => avatars/predefined/default.gif
            [avatar_big] => avatars/predefined/default_big.gif
            [point] => 0
            [level] => 0
            [exp] => 0
            [status] => ACTIVATED
            [group_id] => 3
            [referrer] => 4
            [ip] => ::ffff:127.0.1.1
            [statusflag] => 0
            [created] => 2011-01-12 15:40:53
            [modified] => 2011-02-16 16:30:29
        )

)

Aco: controllers/Schedulings/admin_index in [/home/vincent/workspace/qiwur-nutch-ui/cake/libs/controller/components/acl.php, line 273]
2015-01-26 20:00:51 Warning: Warning (512): DbAcl::check() - Failed ARO/ACO node lookup in permissions check.  Node references:
Aro: Array
(
    [User] => Array
        (
            [id] => 3
            [email] => ivincent.zhang@gmail.com
            [name] => vincent
            [avatar] => avatars/predefined/default.gif
            [avatar_big] => avatars/predefined/default_big.gif
            [point] => 0
            [level] => 0
            [exp] => 0
            [status] => ACTIVATED
            [group_id] => 3
            [referrer] => 4
            [ip] => ::ffff:127.0.1.1
            [statusflag] => 0
            [created] => 2011-01-12 15:40:53
            [modified] => 2011-02-16 16:30:29
        )

)

Aco: controllers/Schedulings/admin_index in [/home/vincent/workspace/qiwur-nutch-ui/cake/libs/controller/components/acl.php, line 273]
2015-01-27 10:01:14 Warning: Warning (512): DbAcl::check() - Failed ARO/ACO node lookup in permissions check.  Node references:
Aro: Array
(
    [User] => Array
        (
            [id] => 3
            [email] => ivincent.zhang@gmail.com
            [name] => vincent
            [avatar] => avatars/predefined/default.gif
            [avatar_big] => avatars/predefined/default_big.gif
            [point] => 0
            [level] => 0
            [exp] => 0
            [status] => ACTIVATED
            [group_id] => 3
            [referrer] => 4
            [ip] => ::ffff:127.0.1.1
            [statusflag] => 0
            [created] => 2011-01-12 15:40:53
            [modified] => 2011-02-16 16:30:29
        )

)

Aco: controllers/Statistics/index in [/home/vincent/workspace/qiwur-nutch-ui/cake/libs/controller/components/acl.php, line 273]
2015-01-27 10:01:40 Warning: Warning (512): DbAcl::check() - Failed ARO/ACO node lookup in permissions check.  Node references:
Aro: Array
(
    [User] => Array
        (
            [id] => 3
            [email] => ivincent.zhang@gmail.com
            [name] => vincent
            [avatar] => avatars/predefined/default.gif
            [avatar_big] => avatars/predefined/default_big.gif
            [point] => 0
            [level] => 0
            [exp] => 0
            [status] => ACTIVATED
            [group_id] => 3
            [referrer] => 4
            [ip] => ::ffff:127.0.1.1
            [statusflag] => 0
            [created] => 2011-01-12 15:40:53
            [modified] => 2011-02-16 16:30:29
        )

)

Aco: controllers/Statistics/index in [/home/vincent/workspace/qiwur-nutch-ui/cake/libs/controller/components/acl.php, line 273]
2015-01-27 10:03:28 Warning: Warning (512): DbAcl::check() - Failed ARO/ACO node lookup in permissions check.  Node references:
Aro: Array
(
    [User] => Array
        (
            [id] => 3
            [email] => ivincent.zhang@gmail.com
            [name] => vincent
            [avatar] => avatars/predefined/default.gif
            [avatar_big] => avatars/predefined/default_big.gif
            [point] => 0
            [level] => 0
            [exp] => 0
            [status] => ACTIVATED
            [group_id] => 3
            [referrer] => 4
            [ip] => ::ffff:127.0.1.1
            [statusflag] => 0
            [created] => 2011-01-12 15:40:53
            [modified] => 2011-02-16 16:30:29
        )

)

Aco: controllers/Statistics/index in [/home/vincent/workspace/qiwur-nutch-ui/cake/libs/controller/components/acl.php, line 273]
2015-01-27 12:01:47 Warning: Warning (2): array_merge() [<a href='http://php.net/function.array-merge'>function.array-merge</a>]: Argument #1 is not an array in [/home/vincent/workspace/qiwur-nutch-ui/cake/libs/view/helpers/form.php, line 1221]
2015-01-27 12:02:39 Warning: Warning (2): array_merge() [<a href='http://php.net/function.array-merge'>function.array-merge</a>]: Argument #1 is not an array in [/home/vincent/workspace/qiwur-nutch-ui/cake/libs/view/helpers/form.php, line 1221]
2015-01-27 12:04:12 Warning: Warning (2): array_merge() [<a href='http://php.net/function.array-merge'>function.array-merge</a>]: Argument #1 is not an array in [/home/vincent/workspace/qiwur-nutch-ui/cake/libs/view/helpers/form.php, line 1221]
2015-01-27 15:04:13 Warning: Warning (2): preg_replace() [<a href='http://php.net/function.preg-replace'>function.preg-replace</a>]: Delimiter must not be alphanumeric or backslash in [/home/vincent/workspace/qiwur-nutch-ui/app/views/crawls/add.ctp, line 18]
2015-01-27 15:19:52 Warning: Warning (2): Creating default object from empty value in [/home/vincent/workspace/qiwur-nutch-ui/app/controllers/crawls_controller.php, line 10]
2015-01-27 15:20:39 Warning: Warning (2): Creating default object from empty value in [/home/vincent/workspace/qiwur-nutch-ui/app/controllers/crawls_controller.php, line 10]
2015-01-27 15:20:40 Warning: Warning (2): Creating default object from empty value in [/home/vincent/workspace/qiwur-nutch-ui/app/controllers/crawls_controller.php, line 10]
2015-01-27 16:14:34 Warning: Warning (2): Illegal string offset 'crawl_id' in [/home/vincent/workspace/qiwur-nutch-ui/cake/libs/model/model.php, line 1695]
2015-01-27 16:14:35 Warning: Warning (512): <span style="color:Red;text-align:left"><b>SQL Error:</b> 1054: Unknown column 'Array' in 'field list'</span> in [/home/vincent/workspace/qiwur-nutch-ui/cake/libs/model/datasources/dbo_source.php, line 681]
2015-01-27 16:14:35 Warning: Warning (2): Cannot modify header information - headers already sent by (output started at /home/vincent/workspace/qiwur-nutch-ui/cake/libs/debugger.php:673) in [/home/vincent/workspace/qiwur-nutch-ui/cake/libs/controller/controller.php, line 746]
